<?xml version="1.0" encoding="UTF-8"?>
<coverage generated="1717750619211" clover="3.2.0">
  <project timestamp="1717750619212" name="All files">
    <metrics statements="3" coveredstatements="3" conditionals="0" coveredconditionals="0" methods="3" coveredmethods="3" elements="6" coveredelements="6" complexity="0" loc="3" ncloc="3" packages="1" files="3" classes="3"/>
    <file name="all.js" path="/mnt/life/Learn-Programming/Front-End/Front_End_Codes/JestJs/all.js">
      <metrics statements="1" coveredstatements="1" conditionals="0" coveredconditionals="0" methods="0" coveredmethods="0"/>
      <line num="1" count="1" type="stmt"/>
    </file>
    <file name="say.js" path="/mnt/life/Learn-Programming/Front-End/Front_End_Codes/JestJs/say.js">
      <metrics statements="1" coveredstatements="1" conditionals="0" coveredconditionals="0" methods="1" coveredmethods="1"/>
      <line num="7" count="1" type="stmt"/>
    </file>
    <file name="sum.js" path="/mnt/life/Learn-Programming/Front-End/Front_End_Codes/JestJs/sum.js">
      <metrics statements="1" coveredstatements="1" conditionals="0" coveredconditionals="0" methods="2" coveredmethods="2"/>
      <line num="7" count="15" type="stmt"/>
    </file>
  </project>
</coverage>
