{"/mnt/life/Learn-Programming/Front-End/Front_End_Codes/JestJs/all.js": {"path":"/mnt/life/Learn-Programming/Front-End/Front_End_Codes/JestJs/all.js","statementMap":{"0":{"start":{"line":1,"column":14},"end":{"line":1,"column":32}}},"fnMap":{},"branchMap":{},"s":{"0":1},"f":{},"b":{},"_coverageSchema":"1a1c01bbd47fc00a2c39e90264f33305004495a9","hash":"af8c70df91037c152b3f0d1c64ed301ea12b1d39"}
,"/mnt/life/Learn-Programming/Front-End/Front_End_Codes/JestJs/say.js": {"path":"/mnt/life/Learn-Programming/Front-End/Front_End_Codes/JestJs/say.js","statementMap":{"0":{"start":{"line":7,"column":2},"end":{"line":7,"column":25}}},"fnMap":{"0":{"name":"sayHello","decl":{"start":{"line":6,"column":16},"end":{"line":6,"column":24}},"loc":{"start":{"line":6,"column":31},"end":{"line":8,"column":1}},"line":6}},"branchMap":{},"s":{"0":1},"f":{"0":1},"b":{},"_coverageSchema":"1a1c01bbd47fc00a2c39e90264f33305004495a9","hash":"497cf974da2e81ca6d08f748b6198bee23aef1f7"}
,"/mnt/life/Learn-Programming/Front-End/Front_End_Codes/JestJs/sum.js": {"path":"/mnt/life/Learn-Programming/Front-End/Front_End_Codes/JestJs/sum.js","statementMap":{"0":{"start":{"line":7,"column":2},"end":{"line":7,"column":52}},"1":{"start":{"line":7,"column":38},"end":{"line":7,"column":47}}},"fnMap":{"0":{"name":"sum","decl":{"start":{"line":6,"column":16},"end":{"line":6,"column":19}},"loc":{"start":{"line":6,"column":32},"end":{"line":8,"column":1}},"line":6},"1":{"name":"(anonymous_1)","decl":{"start":{"line":7,"column":24},"end":{"line":7,"column":25}},"loc":{"start":{"line":7,"column":38},"end":{"line":7,"column":47}},"line":7}},"branchMap":{},"s":{"0":5,"1":15},"f":{"0":5,"1":15},"b":{},"_coverageSchema":"1a1c01bbd47fc00a2c39e90264f33305004495a9","hash":"6a0fbfcdcc6a8b0d3a6ab537b09eb02e5d0398dc"}
}
